MindLift/unityLibrary/build/intermediates/manifest_merge_blame_file/debug/manifest-merger-blame-debug-report.txt
1<?xml version="1.0" encoding="utf-8"?>
2<!-- GENERATED BY UNITY. REMOVE THIS COMMENT TO PREVENT OVERWRITING WHEN EXPORTING AGAIN -->
3<manifest xmlns:android="http://schemas.android.com/apk/res/android"
4    xmlns:tools="http://schemas.android.com/tools"
5    package="com.unity3d.player"
6    android:versionCode="1"
7    android:versionName="0.1" >
8
9    <uses-sdk
10        android:minSdkVersion="19"
10-->src\main\AndroidManifest.xml
11        android:targetSdkVersion="28" />
11-->src\main\AndroidManifest.xml
12
13    <uses-feature android:glEsVersion="0x00030000" />
13-->src\main\AndroidManifest.xml:18:3-52
13-->src\main\AndroidManifest.xml:18:17-49
14    <uses-feature
14-->src\main\AndroidManifest.xml:19:3-91
15        android:name="android.hardware.vulkan.version"
15-->src\main\AndroidManifest.xml:19:17-63
16        android:required="false" />
16-->src\main\AndroidManifest.xml:19:64-88
17
18    <uses-permission android:name="android.permission.INTERNET" />
18-->src\main\AndroidManifest.xml:20:3-65
18-->src\main\AndroidManifest.xml:20:20-62
19
20    <uses-feature
20-->src\main\AndroidManifest.xml:21:3-97
21        android:name="android.hardware.sensor.accelerometer"
21-->src\main\AndroidManifest.xml:21:17-69
22        android:required="false" />
22-->src\main\AndroidManifest.xml:21:70-94
23    <uses-feature
23-->src\main\AndroidManifest.xml:22:3-88
24        android:name="android.hardware.touchscreen"
24-->src\main\AndroidManifest.xml:22:17-60
25        android:required="false" />
25-->src\main\AndroidManifest.xml:22:61-85
26    <uses-feature
26-->src\main\AndroidManifest.xml:23:3-99
27        android:name="android.hardware.touchscreen.multitouch"
27-->src\main\AndroidManifest.xml:23:17-71
28        android:required="false" />
28-->src\main\AndroidManifest.xml:23:72-96
29    <uses-feature
29-->src\main\AndroidManifest.xml:24:3-108
30        android:name="android.hardware.touchscreen.multitouch.distinct"
30-->src\main\AndroidManifest.xml:24:17-80
31        android:required="false" />
31-->src\main\AndroidManifest.xml:24:81-105
32
33    <application>
33-->src\main\AndroidManifest.xml:4:3-17:17
34        <activity
34-->src\main\AndroidManifest.xml:5:5-12:16
35            android:name="com.unity3d.player.UnityPlayerActivity"
35-->src\main\AndroidManifest.xml:5:15-68
36            android:configChanges="mcc|mnc|locale|touchscreen|keyboard|keyboardHidden|navigation|orientation|screenLayout|uiMode|screenSize|smallestScreenSize|fontScale|layoutDirection|density"
36-->src\main\AndroidManifest.xml:5:181-362
37            android:hardwareAccelerated="false"
37-->src\main\AndroidManifest.xml:5:363-398
38            android:launchMode="singleTask"
38-->src\main\AndroidManifest.xml:5:149-180
39            android:screenOrientation="landscape"
39-->src\main\AndroidManifest.xml:5:111-148
40            android:theme="@style/UnityThemeSelector" >
40-->src\main\AndroidManifest.xml:5:69-110
41            <intent-filter>
41-->src\main\AndroidManifest.xml:6:7-9:23
42                <action android:name="android.intent.action.MAIN" />
42-->src\main\AndroidManifest.xml:7:9-61
42-->src\main\AndroidManifest.xml:7:17-58
43
44                <category android:name="android.intent.category.LAUNCHER" />
44-->src\main\AndroidManifest.xml:8:9-69
44-->src\main\AndroidManifest.xml:8:19-66
45            </intent-filter>
46
47            <meta-data
47-->src\main\AndroidManifest.xml:10:7-82
48                android:name="unityplayer.UnityActivity"
48-->src\main\AndroidManifest.xml:10:18-58
49                android:value="true" />
49-->src\main\AndroidManifest.xml:10:59-79
50            <meta-data
50-->src\main\AndroidManifest.xml:11:7-78
51                android:name="android.notch_support"
51-->src\main\AndroidManifest.xml:11:18-54
52                android:value="true" />
52-->src\main\AndroidManifest.xml:11:55-75
53        </activity>
54
55        <meta-data
55-->src\main\AndroidManifest.xml:13:5-69
56            android:name="unity.splash-mode"
56-->src\main\AndroidManifest.xml:13:16-48
57            android:value="0" />
57-->src\main\AndroidManifest.xml:13:49-66
58        <meta-data
58-->src\main\AndroidManifest.xml:14:5-74
59            android:name="unity.splash-enable"
59-->src\main\AndroidManifest.xml:14:16-50
60            android:value="True" />
60-->src\main\AndroidManifest.xml:14:51-71
61        <meta-data
61-->src\main\AndroidManifest.xml:15:5-81
62            android:name="notch.config"
62-->src\main\AndroidManifest.xml:15:16-43
63            android:value="portrait|landscape" />
63-->src\main\AndroidManifest.xml:15:44-78
64        <meta-data
64-->src\main\AndroidManifest.xml:16:5-101
65            android:name="unity.build-id"
65-->src\main\AndroidManifest.xml:16:16-45
66            android:value="88333e87-9fe1-4ddc-89bb-e72b09c8d2ac" />
66-->src\main\AndroidManifest.xml:16:46-98
67    </application>
68
69</manifest>